0 info it worked if it ends with ok
1 verbose cli [ 'C:\\Program Files\\nodejs\\node.exe',
1 verbose cli   'C:\\Program Files\\nodejs\\node_modules\\npm\\bin\\npm-cli.js',
1 verbose cli   'run',
1 verbose cli   'watch-css-pacjenci' ]
2 info using npm@3.10.8
3 info using node@v7.0.0
4 verbose run-script [ 'prewatch-css-pacjenci',
4 verbose run-script   'watch-css-pacjenci',
4 verbose run-script   'postwatch-css-pacjenci' ]
5 info lifecycle DietProgram@1.0.0~prewatch-css-pacjenci: DietProgram@1.0.0
6 silly lifecycle DietProgram@1.0.0~prewatch-css-pacjenci: no script for prewatch-css-pacjenci, continuing
7 info lifecycle DietProgram@1.0.0~watch-css-pacjenci: DietProgram@1.0.0
8 verbose lifecycle DietProgram@1.0.0~watch-css-pacjenci: unsafe-perm in lifecycle true
9 verbose lifecycle DietProgram@1.0.0~watch-css-pacjenci: PATH: C:\Users\jniemiec\AppData\Roaming\nvm\v7.0.0\node_modules\npm\bin\node-gyp-bin;D:\Dane\prv\dietretyk\wizzard\node_modules\.bin;C:\Windows\system32;C:\Windows;C:\Windows\System32\Wbem;C:\Windows\System32\WindowsPowerShell\v1.0\;C:\Windows\System32\OpenSSH\;C:\dfm\bin;C:\Program Files\TortoiseSVN\bin;C:\Program Files\OpenVPN\bin;C:\Program Files\Git\cmd;C:\Program Files\dotnet\;C:\Program Files\Microsoft SQL Server\130\Tools\Binn\;C:\Program Files\Microsoft SQL Server\Client SDK\ODBC\170\Tools\Binn\;C:\Program Files (x86)\Microsoft SQL Server\150\DTS\Binn\;C:\Program Files\Azure Data Studio\bin;C:\Program Files\Microsoft SQL Server\110\Tools\Binn\;C:\Program Files (x86)\Microsoft SDKs\TypeScript\1.0\;C:\Program Files\Microsoft SQL Server\120\Tools\Binn\;C:\Program Files\Perforce\;C:\Program Files (x86)\GitExtensions\;C:\Program Files (x86)\Microsoft SQL Server\150\Tools\Binn\;C:\Program Files\Microsoft SQL Server\150\Tools\Binn\;C:\Program Files\Microsoft SQL Server\150\DTS\Binn\;C:\Users\jniemiec\AppData\Roaming\nvm;C:\Program Files\nodejs;C:\ProgramData\chocolatey\bin;C:\Users\jniemiec\AppData\Local\Microsoft\WindowsApps;C:\Users\jniemiec\.dotnet\tools;C:\Program Files\Azure Data Studio\bin;C:\Users\jniemiec\AppData\Roaming\npm;C:\Users\jniemiec\AppData\Local\Programs\Microsoft VS Code\bin;C:\Users\jniemiec\AppData\Roaming\nvm;C:\Program Files\nodejs;C:\Users\jniemiec\AppData\Local\GitHubDesktop\bin
10 verbose lifecycle DietProgram@1.0.0~watch-css-pacjenci: CWD: D:\Dane\prv\dietretyk\wizzard
11 silly lifecycle DietProgram@1.0.0~watch-css-pacjenci: Args: [ '/d /s /c',
11 silly lifecycle   'live-server --port=8090 --entry-file=pacjenci.html | nodemon -e scss -x "npm run build-css"' ]
12 silly lifecycle DietProgram@1.0.0~watch-css-pacjenci: Returned: code: 255  signal: null
13 info lifecycle DietProgram@1.0.0~watch-css-pacjenci: Failed to exec watch-css-pacjenci script
14 verbose stack Error: DietProgram@1.0.0 watch-css-pacjenci: `live-server --port=8090 --entry-file=pacjenci.html | nodemon -e scss -x "npm run build-css"`
14 verbose stack Exit status 255
14 verbose stack     at EventEmitter.<anonymous> (C:\Users\jniemiec\AppData\Roaming\nvm\v7.0.0\node_modules\npm\lib\utils\lifecycle.js:255:16)
14 verbose stack     at emitTwo (events.js:106:13)
14 verbose stack     at EventEmitter.emit (events.js:191:7)
14 verbose stack     at ChildProcess.<anonymous> (C:\Users\jniemiec\AppData\Roaming\nvm\v7.0.0\node_modules\npm\lib\utils\spawn.js:40:14)
14 verbose stack     at emitTwo (events.js:106:13)
14 verbose stack     at ChildProcess.emit (events.js:191:7)
14 verbose stack     at maybeClose (internal/child_process.js:877:16)
14 verbose stack     at Process.ChildProcess._handle.onexit (internal/child_process.js:226:5)
15 verbose pkgid DietProgram@1.0.0
16 verbose cwd D:\Dane\prv\dietretyk\wizzard
17 error Windows_NT 10.0.19041
18 error argv "C:\\Program Files\\nodejs\\node.exe" "C:\\Program Files\\nodejs\\node_modules\\npm\\bin\\npm-cli.js" "run" "watch-css-pacjenci"
19 error node v7.0.0
20 error npm  v3.10.8
21 error code ELIFECYCLE
22 error DietProgram@1.0.0 watch-css-pacjenci: `live-server --port=8090 --entry-file=pacjenci.html | nodemon -e scss -x "npm run build-css"`
22 error Exit status 255
23 error Failed at the DietProgram@1.0.0 watch-css-pacjenci script 'live-server --port=8090 --entry-file=pacjenci.html | nodemon -e scss -x "npm run build-css"'.
23 error Make sure you have the latest version of node.js and npm installed.
23 error If you do, this is most likely a problem with the DietProgram package,
23 error not with npm itself.
23 error Tell the author that this fails on your system:
23 error     live-server --port=8090 --entry-file=pacjenci.html | nodemon -e scss -x "npm run build-css"
23 error You can get information on how to open an issue for this project with:
23 error     npm bugs DietProgram
23 error Or if that isn't available, you can get their info via:
23 error     npm owner ls DietProgram
23 error There is likely additional logging output above.
24 verbose exit [ 1, true ]
